[2018-09-22 07:36] [PACMAN] Running 'pacman -r /home/vagrant/junest-builder/tmp/junest.U4lRsCUsSZ/root -Sy --cachedir=/home/vagrant/junest-builder/tmp/junest.U4lRsCUsSZ/root/var/cache/pacman/pkg --noconfirm pacman coreutils libunistring archlinux-keyring sed gzip util-linux'
[2018-09-22 07:36] [PACMAN] synchronizing package lists
[2018-09-22 07:40] [ALPM] transaction started
[2018-09-22 07:40] [ALPM] installed linux-api-headers (4.17.11-1)
[2018-09-22 07:40] [ALPM] installed tzdata (2018e-2)
[2018-09-22 07:40] [ALPM] installed iana-etc (20180221-1)
[2018-09-22 07:40] [ALPM] installed filesystem (2018.8-1)
[2018-09-22 07:40] [ALPM] installed glibc (2.28-4)
[2018-09-22 07:40] [ALPM] installed gcc-libs (8.2.1+20180831-1)
[2018-09-22 07:40] [ALPM] installed ncurses (6.1-3)
[2018-09-22 07:40] [ALPM] installed readline (7.0.005-1)
[2018-09-22 07:40] [ALPM] installed bash (4.4.023-1)
[2018-09-22 07:40] [ALPM] installed attr (2.4.48-1)
[2018-09-22 07:40] [ALPM] installed acl (2.2.53-1)
[2018-09-22 07:40] [ALPM] installed bzip2 (1.0.6-8)
[2018-09-22 07:40] [ALPM] installed expat (2.2.6-1)
[2018-09-22 07:40] [ALPM] installed lz4 (1:1.8.3-1)
[2018-09-22 07:40] [ALPM] installed gdbm (1.18-1)
[2018-09-22 07:40] [ALPM] installed db (5.3.28-4)
[2018-09-22 07:40] [ALPM] installed perl (5.28.0-1)
[2018-09-22 07:40] [ALPM] installed openssl (1.1.1-1)
[2018-09-22 07:40] [ALPM] installed xz (5.2.4-1)
[2018-09-22 07:40] [ALPM] installed zlib (1:1.2.11-3)
[2018-09-22 07:40] [ALPM] installed zstd (1.3.5-1)
[2018-09-22 07:40] [ALPM] installed libarchive (3.3.3-1)
[2018-09-22 07:40] [ALPM] installed gmp (6.1.2-1)
[2018-09-22 07:40] [ALPM] installed libcap (2.25-1)
[2018-09-22 07:40] [ALPM] installed coreutils (8.30-1)
[2018-09-22 07:40] [ALPM] installed findutils (4.6.0-2)
[2018-09-22 07:40] [ALPM] installed libtasn1 (4.13-1)
[2018-09-22 07:40] [ALPM] installed libffi (3.2.1-2)
[2018-09-22 07:40] [ALPM] installed libgpg-error (1.32-1)
[2018-09-22 07:40] [ALPM] installed libgcrypt (1.8.3-1)
[2018-09-22 07:40] [ALPM] installed libsystemd (239.2-1)
[2018-09-22 07:40] [ALPM] installed p11-kit (0.23.14-1)
[2018-09-22 07:40] [ALPM-SCRIPTLET] /tmp/alpm_lyBKex/.INSTALL: line 3: systemctl: command not found
[2018-09-22 07:40] [ALPM] installed ca-certificates-utils (20180821-1)
[2018-09-22 07:40] [ALPM] installed ca-certificates-mozilla (3.39-1)
[2018-09-22 07:40] [ALPM] installed ca-certificates (20180821-1)
[2018-09-22 07:40] [ALPM] installed libutil-linux (2.32.1-2)
[2018-09-22 07:40] [ALPM] installed e2fsprogs (1.44.4-1)
[2018-09-22 07:40] [ALPM] installed libsasl (2.1.26-13)
[2018-09-22 07:40] [ALPM] installed libldap (2.4.46-2)
[2018-09-22 07:40] [ALPM] installed keyutils (1.5.11-1)
[2018-09-22 07:40] [ALPM] installed krb5 (1.16.1-1)
[2018-09-22 07:40] [ALPM] installed libssh2 (1.8.0-2)
[2018-09-22 07:40] [ALPM] installed libunistring (0.9.10-1)
[2018-09-22 07:40] [ALPM] installed libidn2 (2.0.5-1)
[2018-09-22 07:40] [ALPM] installed libpsl (0.20.2-1)
[2018-09-22 07:40] [ALPM] installed libnghttp2 (1.33.0-1)
[2018-09-22 07:40] [ALPM] installed curl (7.61.1-1)
[2018-09-22 07:40] [ALPM] installed npth (1.6-1)
[2018-09-22 07:40] [ALPM] installed libksba (1.3.5-1)
[2018-09-22 07:40] [ALPM] installed libassuan (2.5.1-1)
[2018-09-22 07:40] [ALPM] installed pcre (8.42-1)
[2018-09-22 07:40] [ALPM] installed glib2 (2.58.0+31+g2a7d4d2dc-1)
[2018-09-22 07:40] [ALPM] installed libsecret (0.18.6-1)
[2018-09-22 07:40] [ALPM] installed pinentry (1.1.0-4)
[2018-09-22 07:40] [ALPM] installed nettle (3.4-1)
[2018-09-22 07:40] [ALPM] installed gnutls (3.5.19-2)
[2018-09-22 07:40] [ALPM] installed sqlite (3.25.0-1)
[2018-09-22 07:40] [ALPM] installed gnupg (2.2.10-1)
[2018-09-22 07:40] [ALPM] installed gpgme (1.11.1-2)
[2018-09-22 07:40] [ALPM] installed pacman-mirrorlist (20180912-1)
[2018-09-22 07:40] [ALPM] installed archlinux-keyring (20180808-1)
[2018-09-22 07:40] [ALPM] installed pacman (5.1.1-1)
[2018-09-22 07:40] [ALPM] installed sed (4.5-1)
[2018-09-22 07:40] [ALPM] installed less (530-1)
[2018-09-22 07:40] [ALPM] installed gzip (1.9-1)
[2018-09-22 07:40] [ALPM] installed cracklib (2.9.6-1)
[2018-09-22 07:40] [ALPM] installed libtirpc (1.1.4-1)
[2018-09-22 07:40] [ALPM] installed pambase (20171006-1)
[2018-09-22 07:40] [ALPM] installed pam (1.3.1-1)
[2018-09-22 07:40] [ALPM] installed shadow (4.6-1)
[2018-09-22 07:40] [ALPM] installed libcap-ng (0.7.9-1)
[2018-09-22 07:40] [ALPM] installed util-linux (2.32.1-2)
[2018-09-22 07:40] [ALPM] transaction completed
[2018-09-22 07:40] [ALPM] running 'detect-old-perl-modules.hook'...
[2018-09-22 07:40] [ALPM-SCRIPTLET] perl: warning: Setting locale failed.
[2018-09-22 07:40] [ALPM-SCRIPTLET] perl: warning: Please check that your locale settings:
[2018-09-22 07:40] [ALPM-SCRIPTLET] 	LANGUAGE = (unset),
[2018-09-22 07:40] [ALPM-SCRIPTLET] 	LC_ALL = (unset),
[2018-09-22 07:40] [ALPM-SCRIPTLET] 	LANG = "en_US.UTF-8"
[2018-09-22 07:40] [ALPM-SCRIPTLET]     are supported and installed on your system.
[2018-09-22 07:40] [ALPM-SCRIPTLET] perl: warning: Falling back to the standard locale ("C").
[2018-09-22 07:40] [ALPM] running 'update-ca-trust.hook'...
[2018-09-22 07:40] [PACMAN] Running 'pacman --noconfirm --root /home/vagrant/junest-builder/tmp/junest.U4lRsCUsSZ/root -U package-query-1.9-3-x86_64.pkg.tar.xz'
[2018-09-22 07:40] [ALPM] transaction started
[2018-09-22 07:40] [ALPM] installed yajl (2.1.0-2)
[2018-09-22 07:40] [ALPM] installed package-query (1.9-3)
[2018-09-22 07:40] [ALPM] transaction completed
[2018-09-22 07:41] [PACMAN] Running 'pacman --noconfirm --root /home/vagrant/junest-builder/tmp/junest.U4lRsCUsSZ/root -U yaourt-1.9-1-any.pkg.tar.xz'
[2018-09-22 07:41] [ALPM] transaction started
[2018-09-22 07:41] [ALPM] installed diffutils (3.6-1)
[2018-09-22 07:41] [ALPM] installed gettext (0.19.8.1-2)
[2018-09-22 07:41] [ALPM] installed yaourt (1.9-1)
[2018-09-22 07:41] [ALPM] transaction completed
[2018-09-22 07:41] [PACMAN] Running 'pacman --noconfirm --root /home/vagrant/junest-builder/tmp/junest.U4lRsCUsSZ/root -U sudo-fake-0.1.0-1-any.pkg.tar.xz'
[2018-09-22 07:41] [ALPM] transaction started
[2018-09-22 07:41] [ALPM] installed sudo-fake (0.1.0-1)
[2018-09-22 07:41] [ALPM] transaction completed
[2018-09-22 07:41] [PACMAN] Running 'pacman --noconfirm --root /home/vagrant/junest-builder/tmp/junest.U4lRsCUsSZ/root -S git'
[2018-09-22 07:41] [ALPM] transaction started
[2018-09-22 07:41] [ALPM] installed perl-error (0.17026-2)
[2018-09-22 07:41] [ALPM] installed perl-timedate (2.30-5)
[2018-09-22 07:41] [ALPM] installed perl-mailtools (2.20-2)
[2018-09-22 07:41] [ALPM] installed pcre2 (10.32-1)
[2018-09-22 07:41] [ALPM] installed grep (3.1-1)
[2018-09-22 07:41] [ALPM] installed git (2.19.0-1)
[2018-09-22 07:41] [ALPM] transaction completed
[2018-09-22 07:41] [ALPM] running 'detect-old-perl-modules.hook'...
[2018-09-22 07:41] [ALPM-SCRIPTLET] perl: warning: Setting locale failed.
[2018-09-22 07:41] [ALPM-SCRIPTLET] perl: warning: Please check that your locale settings:
[2018-09-22 07:41] [ALPM-SCRIPTLET] 	LANGUAGE = (unset),
[2018-09-22 07:41] [ALPM-SCRIPTLET] 	LC_ALL = (unset),
[2018-09-22 07:41] [ALPM-SCRIPTLET] 	LANG = "en_US.UTF-8"
[2018-09-22 07:41] [ALPM-SCRIPTLET]     are supported and installed on your system.
[2018-09-22 07:41] [ALPM-SCRIPTLET] perl: warning: Falling back to the standard locale ("C").
[2018-09-22 07:41] [ALPM-SCRIPTLET] Can't open /dev/null: No such file or directory
[2018-09-22 07:41] [ALPM-SCRIPTLET] WARNING: '/usr/lib/perl5/5.28' contains data from at least 4 packages which will NOT be used by the installed perl interpreter.
[2018-09-22 07:41] [ALPM-SCRIPTLET]  -> Run the following command to get a list of affected packages: pacman -Qqo '/usr/lib/perl5/5.28'
[2018-09-22 07:42] [PACMAN] Running 'pacman --noconfirm --root /home/vagrant/junest-builder/tmp/junest.U4lRsCUsSZ/root -U junest-git-6.0.8.r2.bca7e56-1-any.pkg.tar.xz'
[2018-09-22 07:42] [ALPM] transaction started
[2018-09-22 07:42] [ALPM] installed junest-git (6.0.8.r2.bca7e56-1)
[2018-09-22 07:42] [ALPM] transaction completed
[2018-09-22 07:42] [PACMAN] Running 'pacman --noconfirm --root /home/vagrant/junest-builder/tmp/junest.U4lRsCUsSZ/root -Rsn git'
[2018-09-22 07:42] [ALPM] transaction started
[2018-09-22 07:42] [ALPM] removed git (2.19.0-1)
[2018-09-22 07:42] [ALPM] removed perl-mailtools (2.20-2)
[2018-09-22 07:42] [ALPM] removed perl-timedate (2.30-5)
[2018-09-22 07:42] [ALPM] removed perl-error (0.17026-2)
[2018-09-22 07:42] [ALPM] removed pcre2 (10.32-1)
[2018-09-22 07:42] [ALPM] removed grep (3.1-1)
[2018-09-22 07:42] [ALPM] transaction completed
